<?xml version="1.0" encoding="UTF-8"?>
<testsuite name="com.test.senha.ValidadorSenhaTest" time="3.596" tests="19" errors="0" skipped="0" failures="0">
  <properties>
[...]
</properties>
  <testcase name="senhaCPF1Test" classname="com.test.senha.ValidadorSenhaTest" time="0.658"/>
  <testcase name="senhaCPF2Test" classname="com.test.senha.ValidadorSenhaTest" time="0.456"/>
  <testcase name="senhaComEspaco" classname="com.test.senha.ValidadorSenhaTest" time="0.258"/>
  <testcase name="senhaCPF3Test" classname="com.test.senha.ValidadorSenhaTest" time="0.319"/>
  <testcase name="senhaCPF4Test" classname="com.test.senha.ValidadorSenhaTest" time="0.326"/>
  <testcase name="senha1Test" classname="com.test.senha.ValidadorSenhaTest" time="0.303"/>
  <testcase name="senha2Test" classname="com.test.senha.ValidadorSenhaTest" time="0"/>
  <testcase name="senhaVazia" classname="com.test.senha.ValidadorSenhaTest" time="0"/>
  <testcase name="senhaNula" classname="com.test.senha.ValidadorSenhaTest" time="0"/>
  <testcase name="senha3Digitos" classname="com.test.senha.ValidadorSenhaTest" time="0.219"/>
  <testcase name="senhaComAcentos" classname="com.test.senha.ValidadorSenhaTest" time="0.236"/>
  <testcase name="senhaSequenciaLetras" classname="com.test.senha.ValidadorSenhaTest" time="0.064"/>
  <testcase name="senhaSequenciaLetras1" classname="com.test.senha.ValidadorSenhaTest" time="0.075"/>
  <testcase name="senhaComCaracteresEspeciais" classname="com.test.senha.ValidadorSenhaTest" time="0.111"/>
  <testcase name="senhaSequenciaLetrasEnumeros" classname="com.test.senha.ValidadorSenhaTest" time="0.164"/>
  <testcase name="senhaCorreta" classname="com.test.senha.ValidadorSenhaTest" time="0"/>
  <testcase name="senhaCom3CaracteresDistintos" classname="com.test.senha.ValidadorSenhaTest" time="0.192"/>
  <testcase name="senhaComEmail" classname="com.test.senha.ValidadorSenhaTest" time="0.165"/>
  <testcase name="senha4Digitos" classname="com.test.senha.ValidadorSenhaTest" time="0.05"/>
</testsuite>